Processed files: QL__1080.185 QL__1081.185 QL__1082.185
Lamps:
 1080: 4 scans used with temperature ranging from  25C to  25C
 1081: no scans selected.
 1082: 4 scans used with temperature ranging from  29C to  29C

---------------------------
  WL    Resp       Fit        Diff   %diff |   1080  |   1082  |
 2865   7453.62   7450.02    -3.60    -0.0%|   0.00% |  -0.07% |
 2900   7510.32   7528.12    17.79     0.2%|   0.00% |   0.26% |
 2935   7574.75   7548.37   -26.38    -0.3%|   0.00% |   0.25% |
 2970   7560.27   7558.05    -2.22    -0.0%|   0.00% |   0.62% |
 3005   7539.00   7574.66    35.66     0.5%|   0.00% |   0.35% |
 3040   7621.70   7599.17   -22.53    -0.3%|   0.00% |   0.84% |
 3075   7621.24   7625.49     4.25     0.1%|   0.00% |   0.32% |
 3110   7655.55   7646.60    -8.95    -0.1%|   0.00% |   0.73% |
 3145   7660.39   7657.91    -2.48    -0.0%|   0.00% |   0.39% |
 3180   7652.31   7658.40     6.08     0.1%|   0.00% |   0.38% |
 3215   7640.64   7650.15     9.51     0.1%|   0.00% |   0.49% |
 3250   7635.04   7636.73     1.69     0.0%|   0.00% |   0.74% |
 3285   7634.93   7621.22   -13.71    -0.2%|   0.00% |   0.24% |
 3320   7602.88   7604.44     1.56     0.0%|   0.00% |   0.21% |
 3355   7584.94   7584.10    -0.84    -0.0%|   0.00% |   0.53% |
 3390   7548.09   7555.38     7.28     0.1%|   0.00% |   0.44% |
 3425   7515.36   7513.63    -1.73    -0.0%|   0.00% |   0.40% |
 3460   7462.38   7459.66    -2.71    -0.0%|   0.00% |   0.55% |
 3495   7406.86   7407.95     1.09     0.0%|   0.00% |   0.42% |
 3495   7100.84   7100.90     0.06     0.0%|   0.00% |   0.76% |
 3530   7030.88   7029.34    -1.54    -0.0%|   0.00% |   0.67% |
 3565   6950.55   6954.75     4.20     0.1%|   0.00% |   0.76% |
 3600   6881.26   6877.23    -4.03    -0.1%|   0.00% |   0.76% |
 3635   6795.59   6796.90     1.31     0.0%|   0.00% |   0.76% |
---------------------------
